This is pdfTeX, Version 3.141592653-2.6-1.40.25 (MiKTeX 24.1) (preloaded format=pdflatex 2024.9.16)  16 DEC 2024 13:25
entering extended mode
 restricted \write18 enabled.
 %&-line parsing enabled.
**./f25-mth2130.tex
(f25-mth2130.tex
LaTeX2e <2023-11-01> patch level 1
L3 programming layer <2024-01-04>
(C:\Users\clarkd\AppData\Local\Programs\MiKTeX\tex/latex/base\article.cls
Document Class: article 2023/05/17 v1.4n Standard LaTeX document class
(C:\Users\clarkd\AppData\Local\Programs\MiKTeX\tex/latex/base\size12.clo
File: size12.clo 2023/05/17 v1.4n Standard LaTeX file (size option)
)
\c@part=\count187
\c@section=\count188
\c@subsection=\count189
\c@subsubsection=\count190
\c@paragraph=\count191
\c@subparagraph=\count192
\c@figure=\count193
\c@table=\count194
\abovecaptionskip=\skip48
\belowcaptionskip=\skip49
\bibindent=\dimen140
)
(C:\Users\clarkd\AppData\Local\Programs\MiKTeX\tex/latex/base\inputenc.sty
Package: inputenc 2021/02/14 v1.3d Input encoding file
\inpenc@prehook=\toks17
\inpenc@posthook=\toks18
)
(C:\Users\clarkd\AppData\Local\Programs\MiKTeX\tex/latex/amsmath\amsmath.sty
Package: amsmath 2023/05/13 v2.17o AMS math features
\@mathmargin=\skip50

For additional information on amsmath, use the `?' option.
(C:\Users\clarkd\AppData\Local\Programs\MiKTeX\tex/latex/amsmath\amstext.sty
Package: amstext 2021/08/26 v2.01 AMS text

(C:\Users\clarkd\AppData\Local\Programs\MiKTeX\tex/latex/amsmath\amsgen.sty
File: amsgen.sty 1999/11/30 v2.0 generic functions
\@emptytoks=\toks19
\ex@=\dimen141
))
(C:\Users\clarkd\AppData\Local\Programs\MiKTeX\tex/latex/amsmath\amsbsy.sty
Package: amsbsy 1999/11/29 v1.2d Bold Symbols
\pmbraise@=\dimen142
)
(C:\Users\clarkd\AppData\Local\Programs\MiKTeX\tex/latex/amsmath\amsopn.sty
Package: amsopn 2022/04/08 v2.04 operator names
)
\inf@bad=\count195
LaTeX Info: Redefining \frac on input line 234.
\uproot@=\count196
\leftroot@=\count197
LaTeX Info: Redefining \overline on input line 399.
LaTeX Info: Redefining \colon on input line 410.
\classnum@=\count198
\DOTSCASE@=\count199
LaTeX Info: Redefining \ldots on input line 496.
LaTeX Info: Redefining \dots on input line 499.
LaTeX Info: Redefining \cdots on input line 620.
\Mathstrutbox@=\box51
\strutbox@=\box52
LaTeX Info: Redefining \big on input line 722.
LaTeX Info: Redefining \Big on input line 723.
LaTeX Info: Redefining \bigg on input line 724.
LaTeX Info: Redefining \Bigg on input line 725.
\big@size=\dimen143
LaTeX Font Info:    Redeclaring font encoding OML on input line 743.
LaTeX Font Info:    Redeclaring font encoding OMS on input line 744.
\macc@depth=\count266
LaTeX Info: Redefining \bmod on input line 905.
LaTeX Info: Redefining \pmod on input line 910.
LaTeX Info: Redefining \smash on input line 940.
LaTeX Info: Redefining \relbar on input line 970.
LaTeX Info: Redefining \Relbar on input line 971.
\c@MaxMatrixCols=\count267
\dotsspace@=\muskip16
\c@parentequation=\count268
\dspbrk@lvl=\count269
\tag@help=\toks20
\row@=\count270
\column@=\count271
\maxfields@=\count272
\andhelp@=\toks21
\eqnshift@=\dimen144
\alignsep@=\dimen145
\tagshift@=\dimen146
\tagwidth@=\dimen147
\totwidth@=\dimen148
\lineht@=\dimen149
\@envbody=\toks22
\multlinegap=\skip51
\multlinetaggap=\skip52
\mathdisplay@stack=\toks23
LaTeX Info: Redefining \[ on input line 2953.
LaTeX Info: Redefining \] on input line 2954.
)
(C:\Users\clarkd\AppData\Local\Programs\MiKTeX\tex/latex/amsfonts\amssymb.sty
Package: amssymb 2013/01/14 v3.01 AMS font symbols

(C:\Users\clarkd\AppData\Local\Programs\MiKTeX\tex/latex/amsfonts\amsfonts.sty
Package: amsfonts 2013/01/14 v3.01 Basic AMSFonts support
\symAMSa=\mathgroup4
\symAMSb=\mathgroup5
LaTeX Font Info:    Redeclaring math symbol \hbar on input line 98.
LaTeX Font Info:    Overwriting math alphabet `\mathfrak' in version `bold'
(Font)                  U/euf/m/n --> U/euf/b/n on input line 106.
))
(C:\Users\clarkd\AppData\Local\Programs\MiKTeX\tex/latex/geometry\geometry.sty
Package: geometry 2020/01/02 v5.9 Page Geometry

(C:\Users\clarkd\AppData\Local\Programs\MiKTeX\tex/latex/graphics\keyval.sty
Package: keyval 2022/05/29 v1.15 key=value parser (DPC)
\KV@toks@=\toks24
)
(C:\Users\clarkd\AppData\Local\Programs\MiKTeX\tex/generic/iftex\ifvtex.sty
Package: ifvtex 2019/10/25 v1.7 ifvtex legacy package. Use iftex instead.

(C:\Users\clarkd\AppData\Local\Programs\MiKTeX\tex/generic/iftex\iftex.sty
Package: iftex 2022/02/03 v1.0f TeX engine tests
))
\Gm@cnth=\count273
\Gm@cntv=\count274
\c@Gm@tempcnt=\count275
\Gm@bindingoffset=\dimen150
\Gm@wd@mp=\dimen151
\Gm@odd@mp=\dimen152
\Gm@even@mp=\dimen153
\Gm@layoutwidth=\dimen154
\Gm@layoutheight=\dimen155
\Gm@layouthoffset=\dimen156
\Gm@layoutvoffset=\dimen157
\Gm@dimlist=\toks25

(C:\Users\clarkd\AppData\Local\Programs\MiKTeX\tex/latex/geometry\geometry.cfg)
)
(C:\Users\clarkd\AppData\Local\Programs\MiKTeX\tex/latex/enumitem\enumitem.sty
Package: enumitem 2019/06/20 v3.9 Customized lists
\labelindent=\skip53
\enit@outerparindent=\dimen158
\enit@toks=\toks26
\enit@inbox=\box53
\enit@count@id=\count276
\enitdp@description=\count277
) (C:\Users\clarkd\AppData\Local\Programs\MiKTeX\tex/latex/parskip\parskip.sty
Package: parskip 2021-03-14 v2.0h non-zero parskip adjustments

(C:\Users\clarkd\AppData\Local\Programs\MiKTeX\tex/latex/kvoptions\kvoptions.st
y
Package: kvoptions 2022-06-15 v3.15 Key value format for package options (HO)

(C:\Users\clarkd\AppData\Local\Programs\MiKTeX\tex/generic/ltxcmds\ltxcmds.sty
Package: ltxcmds 2023-12-04 v1.26 LaTeX kernel commands for general use (HO)
)
(C:\Users\clarkd\AppData\Local\Programs\MiKTeX\tex/latex/kvsetkeys\kvsetkeys.st
y
Package: kvsetkeys 2022-10-05 v1.19 Key value parser (HO)
))
(C:\Users\clarkd\AppData\Local\Programs\MiKTeX\tex/latex/etoolbox\etoolbox.sty
Package: etoolbox 2020/10/05 v2.5k e-TeX tools for LaTeX (JAW)
\etb@tempcnta=\count278
))
(C:\Users\clarkd\AppData\Local\Programs\MiKTeX\tex/latex/hyperref\hyperref.sty
Package: hyperref 2023-11-26 v7.01g Hypertext links for LaTeX

(C:\Users\clarkd\AppData\Local\Programs\MiKTeX\tex/generic/infwarerr\infwarerr.
sty
Package: infwarerr 2019/12/03 v1.5 Providing info/warning/error messages (HO)
)
(C:\Users\clarkd\AppData\Local\Programs\MiKTeX\tex/generic/kvdefinekeys\kvdefin
ekeys.sty
Package: kvdefinekeys 2019-12-19 v1.6 Define keys (HO)
)
(C:\Users\clarkd\AppData\Local\Programs\MiKTeX\tex/generic/pdfescape\pdfescape.
sty
Package: pdfescape 2019/12/09 v1.15 Implements pdfTeX's escape features (HO)

(C:\Users\clarkd\AppData\Local\Programs\MiKTeX\tex/generic/pdftexcmds\pdftexcmd
s.sty
Package: pdftexcmds 2020-06-27 v0.33 Utility functions of pdfTeX for LuaTeX (HO
)
Package pdftexcmds Info: \pdf@primitive is available.
Package pdftexcmds Info: \pdf@ifprimitive is available.
Package pdftexcmds Info: \pdfdraftmode found.
))
(C:\Users\clarkd\AppData\Local\Programs\MiKTeX\tex/latex/hycolor\hycolor.sty
Package: hycolor 2020-01-27 v1.10 Color options for hyperref/bookmark (HO)
)
(C:\Users\clarkd\AppData\Local\Programs\MiKTeX\tex/latex/letltxmacro\letltxmacr
o.sty
Package: letltxmacro 2019/12/03 v1.6 Let assignment for LaTeX macros (HO)
)
(C:\Users\clarkd\AppData\Local\Programs\MiKTeX\tex/latex/auxhook\auxhook.sty
Package: auxhook 2019-12-17 v1.6 Hooks for auxiliary files (HO)
)
(C:\Users\clarkd\AppData\Local\Programs\MiKTeX\tex/latex/hyperref\nameref.sty
Package: nameref 2023-11-26 v2.56 Cross-referencing by name of section

(C:\Users\clarkd\AppData\Local\Programs\MiKTeX\tex/latex/refcount\refcount.sty
Package: refcount 2019/12/15 v3.6 Data extraction from label references (HO)
)
(C:\Users\clarkd\AppData\Local\Programs\MiKTeX\tex/generic/gettitlestring\getti
tlestring.sty
Package: gettitlestring 2019/12/15 v1.6 Cleanup title references (HO)
)
\c@section@level=\count279
)
\@linkdim=\dimen159
\Hy@linkcounter=\count280
\Hy@pagecounter=\count281

(C:\Users\clarkd\AppData\Local\Programs\MiKTeX\tex/latex/hyperref\pd1enc.def
File: pd1enc.def 2023-11-26 v7.01g Hyperref: PDFDocEncoding definition (HO)
Now handling font encoding PD1 ...
... no UTF-8 mapping file for font encoding PD1
)
(C:\Users\clarkd\AppData\Local\Programs\MiKTeX\tex/generic/intcalc\intcalc.sty
Package: intcalc 2019/12/15 v1.3 Expandable calculations with integers (HO)
)
\Hy@SavedSpaceFactor=\count282
(C:\Users\clarkd\AppData\Local\Programs\MiKTeX\tex/latex/hyperref\puenc.def
File: puenc.def 2023-11-26 v7.01g Hyperref: PDF Unicode definition (HO)
Now handling font encoding PU ...
... no UTF-8 mapping file for font encoding PU
)
Package hyperref Info: Hyper figures OFF on input line 4181.
Package hyperref Info: Link nesting OFF on input line 4186.
Package hyperref Info: Hyper index ON on input line 4189.
Package hyperref Info: Plain pages OFF on input line 4196.
Package hyperref Info: Backreferencing OFF on input line 4201.
Package hyperref Info: Implicit mode ON; LaTeX internals redefined.
Package hyperref Info: Bookmarks ON on input line 4448.
\c@Hy@tempcnt=\count283

(C:\Users\clarkd\AppData\Local\Programs\MiKTeX\tex/latex/url\url.sty
\Urlmuskip=\muskip17
Package: url 2013/09/16  ver 3.4  Verb mode for urls, etc.
)
LaTeX Info: Redefining \url on input line 4786.
\XeTeXLinkMargin=\dimen160

(C:\Users\clarkd\AppData\Local\Programs\MiKTeX\tex/generic/bitset\bitset.sty
Package: bitset 2019/12/09 v1.3 Handle bit-vector datatype (HO)

(C:\Users\clarkd\AppData\Local\Programs\MiKTeX\tex/generic/bigintcalc\bigintcal
c.sty
Package: bigintcalc 2019/12/15 v1.5 Expandable calculations on big integers (HO
)
))
\Fld@menulength=\count284
\Field@Width=\dimen161
\Fld@charsize=\dimen162
Package hyperref Info: Hyper figures OFF on input line 6065.
Package hyperref Info: Link nesting OFF on input line 6070.
Package hyperref Info: Hyper index ON on input line 6073.
Package hyperref Info: backreferencing OFF on input line 6080.
Package hyperref Info: Link coloring OFF on input line 6085.
Package hyperref Info: Link coloring with OCG OFF on input line 6090.
Package hyperref Info: PDF/A mode OFF on input line 6095.

(C:\Users\clarkd\AppData\Local\Programs\MiKTeX\tex/latex/base\atbegshi-ltx.sty
Package: atbegshi-ltx 2021/01/10 v1.0c Emulation of the original atbegshi
package with kernel methods
)
\Hy@abspage=\count285
\c@Item=\count286
\c@Hfootnote=\count287
)
Package hyperref Info: Driver (autodetected): hpdftex.
 (C:\Users\clarkd\AppData\Local\Programs\MiKTeX\tex/latex/hyperref\hpdftex.def
File: hpdftex.def 2023-11-26 v7.01g Hyperref driver for pdfTeX

(C:\Users\clarkd\AppData\Local\Programs\MiKTeX\tex/latex/base\atveryend-ltx.sty
Package: atveryend-ltx 2020/08/19 v1.0a Emulation of the original atveryend pac
kage
with kernel methods
)
\Fld@listcount=\count288
\c@bookmark@seq@number=\count289

(C:\Users\clarkd\AppData\Local\Programs\MiKTeX\tex/latex/rerunfilecheck\rerunfi
lecheck.sty
Package: rerunfilecheck 2022-07-10 v1.10 Rerun checks for auxiliary files (HO)

(C:\Users\clarkd\AppData\Local\Programs\MiKTeX\tex/generic/uniquecounter\unique
counter.sty
Package: uniquecounter 2019/12/15 v1.4 Provide unlimited unique counter (HO)
)
Package uniquecounter Info: New unique counter `rerunfilecheck' on input line 2
85.
)
\Hy@SectionHShift=\skip54
)
(C:\Users\clarkd\AppData\Local\Programs\MiKTeX\tex/latex/graphics\graphicx.sty
Package: graphicx 2021/09/16 v1.2d Enhanced LaTeX Graphics (DPC,SPQR)

(C:\Users\clarkd\AppData\Local\Programs\MiKTeX\tex/latex/graphics\graphics.sty
Package: graphics 2022/03/10 v1.4e Standard LaTeX Graphics (DPC,SPQR)

(C:\Users\clarkd\AppData\Local\Programs\MiKTeX\tex/latex/graphics\trig.sty
Package: trig 2021/08/11 v1.11 sin cos tan (DPC)
)
(C:\Users\clarkd\AppData\Local\Programs\MiKTeX\tex/latex/graphics-cfg\graphics.
cfg
File: graphics.cfg 2016/06/04 v1.11 sample graphics configuration
)
Package graphics Info: Driver file: pdftex.def on input line 107.

(C:\Users\clarkd\AppData\Local\Programs\MiKTeX\tex/latex/graphics-def\pdftex.de
f
File: pdftex.def 2022/09/22 v1.2b Graphics/color driver for pdftex
))
\Gin@req@height=\dimen163
\Gin@req@width=\dimen164
)
(C:\Users\clarkd\AppData\Local\Programs\MiKTeX\tex/latex/titlesec\titlesec.sty
Package: titlesec 2023/10/27 v2.16 Sectioning titles
\ttl@box=\box54
\beforetitleunit=\skip55
\aftertitleunit=\skip56
\ttl@plus=\dimen165
\ttl@minus=\dimen166
\ttl@toksa=\toks27
\titlewidth=\dimen167
\titlewidthlast=\dimen168
\titlewidthfirst=\dimen169
) (C:\Users\clarkd\AppData\Local\Programs\MiKTeX\tex/latex/fancyhdr\fancyhdr.st
y
Package: fancyhdr 2024/07/23 v4.3.1 Extensive control of page headers and foote
rs
\f@nch@headwidth=\skip57
\f@nch@O@elh=\skip58
\f@nch@O@erh=\skip59
\f@nch@O@olh=\skip60
\f@nch@O@orh=\skip61
\f@nch@O@elf=\skip62
\f@nch@O@erf=\skip63
\f@nch@O@olf=\skip64
\f@nch@O@orf=\skip65
) (C:\Users\clarkd\AppData\Local\Programs\MiKTeX\tex/latex/wasysym\wasysym.sty
Package: wasysym 2020/01/19 v2.4 Wasy-2 symbol support package
\symwasy=\mathgroup6
LaTeX Font Info:    Overwriting symbol font `wasy' in version `bold'
(Font)                  U/wasy/m/n --> U/wasy/b/n on input line 93.
) (C:\Users\clarkd\AppData\Local\Programs\MiKTeX\tex/latex/amscls\amsthm.sty
Package: amsthm 2020/05/29 v2.20.6
\thm@style=\toks28
\thm@bodyfont=\toks29
\thm@headfont=\toks30
\thm@notefont=\toks31
\thm@headpunct=\toks32
\thm@preskip=\skip66
\thm@postskip=\skip67
\thm@headsep=\skip68
\dth@everypar=\toks33
)
(C:\Users\clarkd\AppData\Local\Programs\MiKTeX\tex/latex/xcolor\xcolor.sty
Package: xcolor 2023/11/15 v3.01 LaTeX color extensions (UK)

(C:\Users\clarkd\AppData\Local\Programs\MiKTeX\tex/latex/graphics-cfg\color.cfg
File: color.cfg 2016/01/02 v1.6 sample color configuration
)
Package xcolor Info: Driver file: pdftex.def on input line 274.

(C:\Users\clarkd\AppData\Local\Programs\MiKTeX\tex/latex/graphics\mathcolor.ltx
)
Package xcolor Info: Model `cmy' substituted by `cmy0' on input line 1350.
Package xcolor Info: Model `hsb' substituted by `rgb' on input line 1354.
Package xcolor Info: Model `RGB' extended on input line 1366.
Package xcolor Info: Model `HTML' substituted by `rgb' on input line 1368.
Package xcolor Info: Model `Hsb' substituted by `hsb' on input line 1369.
Package xcolor Info: Model `tHsb' substituted by `hsb' on input line 1370.
Package xcolor Info: Model `HSB' substituted by `hsb' on input line 1371.
Package xcolor Info: Model `Gray' substituted by `gray' on input line 1372.
Package xcolor Info: Model `wave' substituted by `hsb' on input line 1373.
) (C:\Users\clarkd\AppData\Local\Programs\MiKTeX\tex/latex/minitoc\minitoc.sty
Package: minitoc 2018/07/12 v62 Package minitoc
(C:\Users\clarkd\AppData\Local\Programs\MiKTeX\tex/latex/minitoc\mtcmess.sty
Package: mtcmess 2006/03/14
)
Package minitoc Info: I0001
(minitoc)             *** minitoc package, version 62 ***.
\tf@mtc=\write3
\mtcindent=\skip69
\mtcskipamount=\skip70
Package minitoc Info: I0005
(minitoc)             compatible with hyperref.
Package minitoc Info: I0023
(minitoc)             part level macros available.
Package minitoc Info: I0004
(minitoc)             chapter level macros NOT available.
Package minitoc Info: I0028
(minitoc)             section level macros available.
\mtc@toks=\toks34
\mtc@strutbox=\box55
\mtc@hstrutbox=\box56
Package minitoc Info: I0002
(minitoc)             Autoconfiguration of extensions.
\openout3 = `f25-mth2130.mtc0'.

\openout3 = `f25-mth2130.mtc'.


(f25-mth2130.mtc0)
Package minitoc Info: I0012
(minitoc)             Long extensions (Unix-like) will be used.
Package minitoc Info: I0031
(minitoc)             ==> this version is configured for UNIX-like 
(minitoc)                 (long extensions) file names.
\openout3 = `f25-mth2130.mtc'.

\openout3 = `f25-mth2130.mtc0'.

\c@ptc=\count290
\c@parttocdepth=\count291
\ptcindent=\skip71
\c@stc=\count292
\c@secttocdepth=\count293
\stcindent=\skip72
Package minitoc Info: I0010
(minitoc)             The english language is selected.
(minitoc)              on input line 4910.

(C:\Users\clarkd\AppData\Local\Programs\MiKTeX\tex/latex/minitoc\english.mld
File: english.mld 2006/01/13
)
(C:\Users\clarkd\AppData\Local\Programs\MiKTeX\tex/latex/minitoc\english.mld
File: english.mld 2006/01/13
))
(C:\Users\clarkd\AppData\Local\Programs\MiKTeX\tex/latex/appendix\appendix.sty
Package: appendix 2020/02/08 v1.2c extra appendix facilities
\c@@pps=\count294
\c@@ppsavesec=\count295
\c@@ppsaveapp=\count296
) (C:\Users\clarkd\AppData\Local\Programs\MiKTeX\tex/latex/tikz-cd\tikz-cd.sty
Package: tikz-cd 2021/05/04 v1.0 Commutative diagrams with TikZ

(C:\Users\clarkd\AppData\Local\Programs\MiKTeX\tex/latex/pgf/frontendlayer\tikz
.sty
(C:\Users\clarkd\AppData\Local\Programs\MiKTeX\tex/latex/pgf/basiclayer\pgf.sty

(C:\Users\clarkd\AppData\Local\Programs\MiKTeX\tex/latex/pgf/utilities\pgfrcs.s
ty
(C:\Users\clarkd\AppData\Local\Programs\MiKTeX\tex/generic/pgf/utilities\pgfuti
l-common.tex
\pgfutil@everybye=\toks35
\pgfutil@tempdima=\dimen170
\pgfutil@tempdimb=\dimen171
)
(C:\Users\clarkd\AppData\Local\Programs\MiKTeX\tex/generic/pgf/utilities\pgfuti
l-latex.def
\pgfutil@abb=\box57
)
(C:\Users\clarkd\AppData\Local\Programs\MiKTeX\tex/generic/pgf/utilities\pgfrcs
.code.tex
(C:\Users\clarkd\AppData\Local\Programs\MiKTeX\tex/generic/pgf\pgf.revision.tex
)
Package: pgfrcs 2023-01-15 v3.1.10 (3.1.10)
))
Package: pgf 2023-01-15 v3.1.10 (3.1.10)

(C:\Users\clarkd\AppData\Local\Programs\MiKTeX\tex/latex/pgf/basiclayer\pgfcore
.sty
(C:\Users\clarkd\AppData\Local\Programs\MiKTeX\tex/latex/pgf/systemlayer\pgfsys
.sty
(C:\Users\clarkd\AppData\Local\Programs\MiKTeX\tex/generic/pgf/systemlayer\pgfs
ys.code.tex
Package: pgfsys 2023-01-15 v3.1.10 (3.1.10)

(C:\Users\clarkd\AppData\Local\Programs\MiKTeX\tex/generic/pgf/utilities\pgfkey
s.code.tex
\pgfkeys@pathtoks=\toks36
\pgfkeys@temptoks=\toks37

(C:\Users\clarkd\AppData\Local\Programs\MiKTeX\tex/generic/pgf/utilities\pgfkey
slibraryfiltered.code.tex
\pgfkeys@tmptoks=\toks38
))
\pgf@x=\dimen172
\pgf@y=\dimen173
\pgf@xa=\dimen174
\pgf@ya=\dimen175
\pgf@xb=\dimen176
\pgf@yb=\dimen177
\pgf@xc=\dimen178
\pgf@yc=\dimen179
\pgf@xd=\dimen180
\pgf@yd=\dimen181
\w@pgf@writea=\write4
\r@pgf@reada=\read2
\c@pgf@counta=\count297
\c@pgf@countb=\count298
\c@pgf@countc=\count299
\c@pgf@countd=\count300
\t@pgf@toka=\toks39
\t@pgf@tokb=\toks40
\t@pgf@tokc=\toks41
\pgf@sys@id@count=\count301

(C:\Users\clarkd\AppData\Local\Programs\MiKTeX\tex/generic/pgf/systemlayer\pgf.
cfg
File: pgf.cfg 2023-01-15 v3.1.10 (3.1.10)
)
Driver file for pgf: pgfsys-pdftex.def

(C:\Users\clarkd\AppData\Local\Programs\MiKTeX\tex/generic/pgf/systemlayer\pgfs
ys-pdftex.def
File: pgfsys-pdftex.def 2023-01-15 v3.1.10 (3.1.10)

(C:\Users\clarkd\AppData\Local\Programs\MiKTeX\tex/generic/pgf/systemlayer\pgfs
ys-common-pdf.def
File: pgfsys-common-pdf.def 2023-01-15 v3.1.10 (3.1.10)
)))
(C:\Users\clarkd\AppData\Local\Programs\MiKTeX\tex/generic/pgf/systemlayer\pgfs
yssoftpath.code.tex
File: pgfsyssoftpath.code.tex 2023-01-15 v3.1.10 (3.1.10)
\pgfsyssoftpath@smallbuffer@items=\count302
\pgfsyssoftpath@bigbuffer@items=\count303
)
(C:\Users\clarkd\AppData\Local\Programs\MiKTeX\tex/generic/pgf/systemlayer\pgfs
ysprotocol.code.tex
File: pgfsysprotocol.code.tex 2023-01-15 v3.1.10 (3.1.10)
))
(C:\Users\clarkd\AppData\Local\Programs\MiKTeX\tex/generic/pgf/basiclayer\pgfco
re.code.tex
Package: pgfcore 2023-01-15 v3.1.10 (3.1.10)

(C:\Users\clarkd\AppData\Local\Programs\MiKTeX\tex/generic/pgf/math\pgfmath.cod
e.tex
(C:\Users\clarkd\AppData\Local\Programs\MiKTeX\tex/generic/pgf/math\pgfmathutil
.code.tex)
(C:\Users\clarkd\AppData\Local\Programs\MiKTeX\tex/generic/pgf/math\pgfmathpars
er.code.tex
\pgfmath@dimen=\dimen182
\pgfmath@count=\count304
\pgfmath@box=\box58
\pgfmath@toks=\toks42
\pgfmath@stack@operand=\toks43
\pgfmath@stack@operation=\toks44
)
(C:\Users\clarkd\AppData\Local\Programs\MiKTeX\tex/generic/pgf/math\pgfmathfunc
tions.code.tex)
(C:\Users\clarkd\AppData\Local\Programs\MiKTeX\tex/generic/pgf/math\pgfmathfunc
tions.basic.code.tex)
(C:\Users\clarkd\AppData\Local\Programs\MiKTeX\tex/generic/pgf/math\pgfmathfunc
tions.trigonometric.code.tex)
(C:\Users\clarkd\AppData\Local\Programs\MiKTeX\tex/generic/pgf/math\pgfmathfunc
tions.random.code.tex)
(C:\Users\clarkd\AppData\Local\Programs\MiKTeX\tex/generic/pgf/math\pgfmathfunc
tions.comparison.code.tex)
(C:\Users\clarkd\AppData\Local\Programs\MiKTeX\tex/generic/pgf/math\pgfmathfunc
tions.base.code.tex)
(C:\Users\clarkd\AppData\Local\Programs\MiKTeX\tex/generic/pgf/math\pgfmathfunc
tions.round.code.tex)
(C:\Users\clarkd\AppData\Local\Programs\MiKTeX\tex/generic/pgf/math\pgfmathfunc
tions.misc.code.tex)
(C:\Users\clarkd\AppData\Local\Programs\MiKTeX\tex/generic/pgf/math\pgfmathfunc
tions.integerarithmetics.code.tex)
(C:\Users\clarkd\AppData\Local\Programs\MiKTeX\tex/generic/pgf/math\pgfmathcalc
.code.tex)
(C:\Users\clarkd\AppData\Local\Programs\MiKTeX\tex/generic/pgf/math\pgfmathfloa
t.code.tex
\c@pgfmathroundto@lastzeros=\count305
))
(C:\Users\clarkd\AppData\Local\Programs\MiKTeX\tex/generic/pgf/math\pgfint.code
.tex)
(C:\Users\clarkd\AppData\Local\Programs\MiKTeX\tex/generic/pgf/basiclayer\pgfco
repoints.code.tex
File: pgfcorepoints.code.tex 2023-01-15 v3.1.10 (3.1.10)
\pgf@picminx=\dimen183
\pgf@picmaxx=\dimen184
\pgf@picminy=\dimen185
\pgf@picmaxy=\dimen186
\pgf@pathminx=\dimen187
\pgf@pathmaxx=\dimen188
\pgf@pathminy=\dimen189
\pgf@pathmaxy=\dimen190
\pgf@xx=\dimen191
\pgf@xy=\dimen192
\pgf@yx=\dimen193
\pgf@yy=\dimen194
\pgf@zx=\dimen195
\pgf@zy=\dimen196
)
(C:\Users\clarkd\AppData\Local\Programs\MiKTeX\tex/generic/pgf/basiclayer\pgfco
repathconstruct.code.tex
File: pgfcorepathconstruct.code.tex 2023-01-15 v3.1.10 (3.1.10)
\pgf@path@lastx=\dimen197
\pgf@path@lasty=\dimen198
)
(C:\Users\clarkd\AppData\Local\Programs\MiKTeX\tex/generic/pgf/basiclayer\pgfco
repathusage.code.tex
File: pgfcorepathusage.code.tex 2023-01-15 v3.1.10 (3.1.10)
\pgf@shorten@end@additional=\dimen199
\pgf@shorten@start@additional=\dimen256
)
(C:\Users\clarkd\AppData\Local\Programs\MiKTeX\tex/generic/pgf/basiclayer\pgfco
rescopes.code.tex
File: pgfcorescopes.code.tex 2023-01-15 v3.1.10 (3.1.10)
\pgfpic=\box59
\pgf@hbox=\box60
\pgf@layerbox@main=\box61
\pgf@picture@serial@count=\count306
)
(C:\Users\clarkd\AppData\Local\Programs\MiKTeX\tex/generic/pgf/basiclayer\pgfco
regraphicstate.code.tex
File: pgfcoregraphicstate.code.tex 2023-01-15 v3.1.10 (3.1.10)
\pgflinewidth=\dimen257
)
(C:\Users\clarkd\AppData\Local\Programs\MiKTeX\tex/generic/pgf/basiclayer\pgfco
retransformations.code.tex
File: pgfcoretransformations.code.tex 2023-01-15 v3.1.10 (3.1.10)
\pgf@pt@x=\dimen258
\pgf@pt@y=\dimen259
\pgf@pt@temp=\dimen260
)
(C:\Users\clarkd\AppData\Local\Programs\MiKTeX\tex/generic/pgf/basiclayer\pgfco
requick.code.tex
File: pgfcorequick.code.tex 2023-01-15 v3.1.10 (3.1.10)
)
(C:\Users\clarkd\AppData\Local\Programs\MiKTeX\tex/generic/pgf/basiclayer\pgfco
reobjects.code.tex
File: pgfcoreobjects.code.tex 2023-01-15 v3.1.10 (3.1.10)
)
(C:\Users\clarkd\AppData\Local\Programs\MiKTeX\tex/generic/pgf/basiclayer\pgfco
repathprocessing.code.tex
File: pgfcorepathprocessing.code.tex 2023-01-15 v3.1.10 (3.1.10)
)
(C:\Users\clarkd\AppData\Local\Programs\MiKTeX\tex/generic/pgf/basiclayer\pgfco
rearrows.code.tex
File: pgfcorearrows.code.tex 2023-01-15 v3.1.10 (3.1.10)
\pgfarrowsep=\dimen261
)
(C:\Users\clarkd\AppData\Local\Programs\MiKTeX\tex/generic/pgf/basiclayer\pgfco
reshade.code.tex
File: pgfcoreshade.code.tex 2023-01-15 v3.1.10 (3.1.10)
\pgf@max=\dimen262
\pgf@sys@shading@range@num=\count307
\pgf@shadingcount=\count308
)
(C:\Users\clarkd\AppData\Local\Programs\MiKTeX\tex/generic/pgf/basiclayer\pgfco
reimage.code.tex
File: pgfcoreimage.code.tex 2023-01-15 v3.1.10 (3.1.10)
)
(C:\Users\clarkd\AppData\Local\Programs\MiKTeX\tex/generic/pgf/basiclayer\pgfco
reexternal.code.tex
File: pgfcoreexternal.code.tex 2023-01-15 v3.1.10 (3.1.10)
\pgfexternal@startupbox=\box62
)
(C:\Users\clarkd\AppData\Local\Programs\MiKTeX\tex/generic/pgf/basiclayer\pgfco
relayers.code.tex
File: pgfcorelayers.code.tex 2023-01-15 v3.1.10 (3.1.10)
)
(C:\Users\clarkd\AppData\Local\Programs\MiKTeX\tex/generic/pgf/basiclayer\pgfco
retransparency.code.tex
File: pgfcoretransparency.code.tex 2023-01-15 v3.1.10 (3.1.10)
)
(C:\Users\clarkd\AppData\Local\Programs\MiKTeX\tex/generic/pgf/basiclayer\pgfco
repatterns.code.tex
File: pgfcorepatterns.code.tex 2023-01-15 v3.1.10 (3.1.10)
)
(C:\Users\clarkd\AppData\Local\Programs\MiKTeX\tex/generic/pgf/basiclayer\pgfco
rerdf.code.tex
File: pgfcorerdf.code.tex 2023-01-15 v3.1.10 (3.1.10)
)))
(C:\Users\clarkd\AppData\Local\Programs\MiKTeX\tex/generic/pgf/modules\pgfmodul
eshapes.code.tex
File: pgfmoduleshapes.code.tex 2023-01-15 v3.1.10 (3.1.10)
\pgfnodeparttextbox=\box63
)
(C:\Users\clarkd\AppData\Local\Programs\MiKTeX\tex/generic/pgf/modules\pgfmodul
eplot.code.tex
File: pgfmoduleplot.code.tex 2023-01-15 v3.1.10 (3.1.10)
)
(C:\Users\clarkd\AppData\Local\Programs\MiKTeX\tex/latex/pgf/compatibility\pgfc
omp-version-0-65.sty
Package: pgfcomp-version-0-65 2023-01-15 v3.1.10 (3.1.10)
\pgf@nodesepstart=\dimen263
\pgf@nodesepend=\dimen264
)
(C:\Users\clarkd\AppData\Local\Programs\MiKTeX\tex/latex/pgf/compatibility\pgfc
omp-version-1-18.sty
Package: pgfcomp-version-1-18 2023-01-15 v3.1.10 (3.1.10)
))
(C:\Users\clarkd\AppData\Local\Programs\MiKTeX\tex/latex/pgf/utilities\pgffor.s
ty
(C:\Users\clarkd\AppData\Local\Programs\MiKTeX\tex/latex/pgf/utilities\pgfkeys.
sty
(C:\Users\clarkd\AppData\Local\Programs\MiKTeX\tex/generic/pgf/utilities\pgfkey
s.code.tex))
(C:\Users\clarkd\AppData\Local\Programs\MiKTeX\tex/latex/pgf/math\pgfmath.sty
(C:\Users\clarkd\AppData\Local\Programs\MiKTeX\tex/generic/pgf/math\pgfmath.cod
e.tex))
(C:\Users\clarkd\AppData\Local\Programs\MiKTeX\tex/generic/pgf/utilities\pgffor
.code.tex
Package: pgffor 2023-01-15 v3.1.10 (3.1.10)
\pgffor@iter=\dimen265
\pgffor@skip=\dimen266
\pgffor@stack=\toks45
\pgffor@toks=\toks46
))
(C:\Users\clarkd\AppData\Local\Programs\MiKTeX\tex/generic/pgf/frontendlayer/ti
kz\tikz.code.tex
Package: tikz 2023-01-15 v3.1.10 (3.1.10)

(C:\Users\clarkd\AppData\Local\Programs\MiKTeX\tex/generic/pgf/libraries\pgflib
raryplothandlers.code.tex
File: pgflibraryplothandlers.code.tex 2023-01-15 v3.1.10 (3.1.10)
\pgf@plot@mark@count=\count309
\pgfplotmarksize=\dimen267
)
\tikz@lastx=\dimen268
\tikz@lasty=\dimen269
\tikz@lastxsaved=\dimen270
\tikz@lastysaved=\dimen271
\tikz@lastmovetox=\dimen272
\tikz@lastmovetoy=\dimen273
\tikzleveldistance=\dimen274
\tikzsiblingdistance=\dimen275
\tikz@figbox=\box64
\tikz@figbox@bg=\box65
\tikz@tempbox=\box66
\tikz@tempbox@bg=\box67
\tikztreelevel=\count310
\tikznumberofchildren=\count311
\tikznumberofcurrentchild=\count312
\tikz@fig@count=\count313

(C:\Users\clarkd\AppData\Local\Programs\MiKTeX\tex/generic/pgf/modules\pgfmodul
ematrix.code.tex
File: pgfmodulematrix.code.tex 2023-01-15 v3.1.10 (3.1.10)
\pgfmatrixcurrentrow=\count314
\pgfmatrixcurrentcolumn=\count315
\pgf@matrix@numberofcolumns=\count316
)
\tikz@expandcount=\count317

(C:\Users\clarkd\AppData\Local\Programs\MiKTeX\tex/generic/pgf/frontendlayer/ti
kz/libraries\tikzlibrarytopaths.code.tex
File: tikzlibrarytopaths.code.tex 2023-01-15 v3.1.10 (3.1.10)
)))
(C:\Users\clarkd\AppData\Local\Programs\MiKTeX\tex/latex/tikz-cd\tikzlibrarycd.
code.tex
(C:\Users\clarkd\AppData\Local\Programs\MiKTeX\tex/generic/pgf/frontendlayer/ti
kz/libraries\tikzlibrarymatrix.code.tex
File: tikzlibrarymatrix.code.tex 2023-01-15 v3.1.10 (3.1.10)
)
(C:\Users\clarkd\AppData\Local\Programs\MiKTeX\tex/generic/pgf/frontendlayer/ti
kz/libraries\tikzlibraryquotes.code.tex
File: tikzlibraryquotes.code.tex 2023-01-15 v3.1.10 (3.1.10)
)
(C:\Users\clarkd\AppData\Local\Programs\MiKTeX\tex/generic/pgf/libraries\pgflib
raryarrows.meta.code.tex
File: pgflibraryarrows.meta.code.tex 2023-01-15 v3.1.10 (3.1.10)
\pgfarrowinset=\dimen276
\pgfarrowlength=\dimen277
\pgfarrowwidth=\dimen278
\pgfarrowlinewidth=\dimen279
)))
(C:\Users\clarkd\AppData\Local\Programs\MiKTeX\tex/latex/was\upgreek.sty
Package: upgreek 2003/02/12 v2.0 (WaS)
Package upgreek Info: Using Euler Roman for upright Greek on input line 31.
\symugrf@m=\mathgroup7
LaTeX Font Info:    Overwriting symbol font `ugrf@m' in version `bold'
(Font)                  U/eur/m/n --> U/eur/b/n on input line 38.
)
(C:\Users\clarkd\AppData\Local\Programs\MiKTeX\tex/latex/caption\caption.sty
Package: caption 2023/08/05 v3.6o Customizing captions (AR)

(C:\Users\clarkd\AppData\Local\Programs\MiKTeX\tex/latex/caption\caption3.sty
Package: caption3 2023/07/31 v2.4d caption3 kernel (AR)
\caption@tempdima=\dimen280
\captionmargin=\dimen281
\caption@leftmargin=\dimen282
\caption@rightmargin=\dimen283
\caption@width=\dimen284
\caption@indent=\dimen285
\caption@parindent=\dimen286
\caption@hangindent=\dimen287
Package caption Info: Standard document class detected.
)
\c@caption@flags=\count318
\c@continuedfloat=\count319
Package caption Info: hyperref package is loaded.
)
(C:\Users\clarkd\AppData\Local\Programs\MiKTeX\tex/latex/pdflscape\pdflscape.st
y
Package: pdflscape 2022-10-27 v0.13 Display of landscape pages in PDF

(C:\Users\clarkd\AppData\Local\Programs\MiKTeX\tex/latex/pdflscape\pdflscape-no
metadata.sty
Package: pdflscape-nometadata 2022-10-28 v0.13 Display of landscape pages in PD
F (HO)

(C:\Users\clarkd\AppData\Local\Programs\MiKTeX\tex/latex/graphics\lscape.sty
Package: lscape 2020/05/28 v3.02 Landscape Pages (DPC)
)
Package pdflscape Info: Auto-detected driver: pdftex on input line 81.
))
Package hyperref Info: Option `colorlinks' set `true' on input line 22.

(C:\Users\clarkd\AppData\Local\Programs\MiKTeX\tex/latex/l3backend\l3backend-pd
ftex.def
File: l3backend-pdftex.def 2024-01-04 L3 backend support: PDF output (pdfTeX)
\l__color_backend_stack_int=\count320
\l__pdf_internal_box=\box68
) (f25-mth2130.aux

LaTeX Warning: Label `unit-normal' multiply defined.

)
\openout1 = `f25-mth2130.aux'.

LaTeX Font Info:    Checking defaults for OML/cmm/m/it on input line 87.
LaTeX Font Info:    ... okay on input line 87.
LaTeX Font Info:    Checking defaults for OMS/cmsy/m/n on input line 87.
LaTeX Font Info:    ... okay on input line 87.
LaTeX Font Info:    Checking defaults for OT1/cmr/m/n on input line 87.
LaTeX Font Info:    ... okay on input line 87.
LaTeX Font Info:    Checking defaults for T1/cmr/m/n on input line 87.
LaTeX Font Info:    ... okay on input line 87.
LaTeX Font Info:    Checking defaults for TS1/cmr/m/n on input line 87.
LaTeX Font Info:    ... okay on input line 87.
LaTeX Font Info:    Checking defaults for OMX/cmex/m/n on input line 87.
LaTeX Font Info:    ... okay on input line 87.
LaTeX Font Info:    Checking defaults for U/cmr/m/n on input line 87.
LaTeX Font Info:    ... okay on input line 87.
LaTeX Font Info:    Checking defaults for PD1/pdf/m/n on input line 87.
LaTeX Font Info:    ... okay on input line 87.
LaTeX Font Info:    Checking defaults for PU/pdf/m/n on input line 87.
LaTeX Font Info:    ... okay on input line 87.

*geometry* driver: auto-detecting
*geometry* detected driver: pdftex
*geometry* verbose mode - [ preamble ] result:
* driver: pdftex
* paper: <default>
* layout: <same size as paper>
* layoutoffset:(h,v)=(0.0pt,0.0pt)
* modes: 
* h-part:(L,W,R)=(72.26999pt, 469.75502pt, 72.26999pt)
* v-part:(T,H,B)=(72.26999pt, 650.43001pt, 72.26999pt)
* \paperwidth=614.295pt
* \paperheight=794.96999pt
* \textwidth=469.75502pt
* \textheight=650.43001pt
* \oddsidemargin=0.0pt
* \evensidemargin=0.0pt
* \topmargin=-37.0pt
* \headheight=15.0pt
* \headsep=25.0pt
* \topskip=12.0pt
* \footskip=30.0pt
* \marginparwidth=44.0pt
* \marginparsep=10.0pt
* \columnsep=10.0pt
* \skip\footins=10.8pt plus 4.0pt minus 2.0pt
* \hoffset=0.0pt
* \voffset=0.0pt
* \mag=1000
* \@twocolumnfalse
* \@twosidefalse
* \@mparswitchfalse
* \@reversemarginfalse
* (1in=72.27pt=25.4mm, 1cm=28.453pt)

Package hyperref Info: Link coloring ON on input line 87.
(f25-mth2130.out) (f25-mth2130.out)
\@outlinefile=\write5
\openout5 = `f25-mth2130.out'.


(C:\Users\clarkd\AppData\Local\Programs\MiKTeX\tex/context/base/mkii\supp-pdf.m
kii
[Loading MPS to PDF converter (version 2006.09.02).]
\scratchcounter=\count321
\scratchdimen=\dimen288
\scratchbox=\box69
\nofMPsegments=\count322
\nofMParguments=\count323
\everyMPshowfont=\toks47
\MPscratchCnt=\count324
\MPscratchDim=\dimen289
\MPnumerator=\count325
\makeMPintoPDFobject=\count326
\everyMPtoPDFconversion=\toks48
)
(C:\Users\clarkd\AppData\Local\Programs\MiKTeX\tex/latex/epstopdf-pkg\epstopdf-
base.sty
Package: epstopdf-base 2020-01-24 v2.11 Base part for package epstopdf
Package epstopdf-base Info: Redefining graphics rule for `.eps' on input line 4
85.

(C:\Users\clarkd\AppData\Local\Programs\MiKTeX\tex/latex/00miktex\epstopdf-sys.
cfg
File: epstopdf-sys.cfg 2021/03/18 v2.0 Configuration of epstopdf for MiKTeX
))
Package minitoc(hints) Info: I0049
(minitoc(hints))             ==> You requested the hints option. 
(minitoc(hints))             Some hints are eventually given below.
Package minitoc(hints) Info: I0042
(minitoc(hints))             --- The appendix package is loaded. 
(minitoc(hints))             See the minitoc package documentation 
(minitoc(hints))             for specific precautions.


Package minitoc(hints) Warning: W0099
(minitoc(hints))                --- The titlesec package is loaded. 
(minitoc(hints))                It is incompatible 
(minitoc(hints))                with the minitoc package.

Package caption Info: Begin \AtBeginDocument code.
Package caption Info: End \AtBeginDocument code.
LaTeX Font Info:    Trying to load font information for U+msa on input line 94.

(C:\Users\clarkd\AppData\Local\Programs\MiKTeX\tex/latex/amsfonts\umsa.fd
File: umsa.fd 2013/01/14 v3.01 AMS symbols A
)
LaTeX Font Info:    Trying to load font information for U+msb on input line 94.


(C:\Users\clarkd\AppData\Local\Programs\MiKTeX\tex/latex/amsfonts\umsb.fd
File: umsb.fd 2013/01/14 v3.01 AMS symbols B
)
LaTeX Font Info:    Trying to load font information for U+wasy on input line 94
.

(C:\Users\clarkd\AppData\Local\Programs\MiKTeX\tex/latex/wasysym\uwasy.fd
File: uwasy.fd 2020/01/19 v2.4 Wasy-2 symbol font definitions
)
(f25-mth2130.toc)
\tf@toc=\write6
\openout6 = `f25-mth2130.toc'.

 [1

{C:/Users/clarkd/AppData/Local/MiKTeX/fonts/map/pdftex/pdftex.map}] [2]
<by-nc-sa.png, id=176, 97.0827pt x 33.9669pt>
File: by-nc-sa.png Graphic file (type png)
<use by-nc-sa.png>
Package pdftex.def Info: by-nc-sa.png  used on input line 151.
(pdftex.def)             Requested size: 97.08244pt x 33.96681pt.
 [3 <./by-nc-sa.png>]
<hand/coord-axes-R3.png, id=186, 609.77812pt x 495.35063pt>
File: hand/coord-axes-R3.png Graphic file (type png)
<use hand/coord-axes-R3.png>
Package pdftex.def Info: hand/coord-axes-R3.png  used on input line 169.
(pdftex.def)             Requested size: 199.16928pt x 161.79579pt.
<hand/vector-P.png, id=188, 612.03656pt x 511.15968pt>
File: hand/vector-P.png Graphic file (type png)
<use hand/vector-P.png>
Package pdftex.def Info: hand/vector-P.png  used on input line 182.
(pdftex.def)             Requested size: 227.62204pt x 190.10107pt.


LaTeX Warning: `!h' float specifier changed to `!ht'.

[4 <./hand/coord-axes-R3.png>] [5 <./hand/vector-P.png>] [6] [7]
<hand/cross-prod.png, id=255, 583.42969pt x 268.75406pt>
File: hand/cross-prod.png Graphic file (type png)
<use hand/cross-prod.png>
Package pdftex.def Info: hand/cross-prod.png  used on input line 255.
(pdftex.def)             Requested size: 227.62204pt x 104.85057pt.
 [8 <./hand/cross-prod.png>] [9] [10]
<hand/plane-normal.png, id=314, 389.95688pt x 268.00125pt>
File: hand/plane-normal.png Graphic file (type png)
<use hand/plane-normal.png>
Package pdftex.def Info: hand/plane-normal.png  used on input line 376.
(pdftex.def)             Requested size: 199.16928pt x 136.8792pt.
 [11 <./hand/plane-normal.png>]
<quadrics.png, id=334, 794.97pt x 478.78876pt>
File: quadrics.png Graphic file (type png)
<use quadrics.png>
Package pdftex.def Info: quadrics.png  used on input line 401.
(pdftex.def)             Requested size: 426.79134pt x 257.05171pt.


LaTeX Warning: `!h' float specifier changed to `!ht'.

[12] [13 <./quadrics.png>] [14] [15] [16] [17]
Overfull \hbox (7.59837pt too wide) in paragraph at lines 572--573
\OT1/cmr/m/n/12 Notation-wise, we usu-ally use $\OML/cmm/m/it/12 s$ \OT1/cmr/m/
n/12 (in-stead of $\OML/cmm/m/it/12 t$\OT1/cmr/m/n/12 ) for the in-put vari-abl
e of an ar-clength parametriza-
 []

[18]
<hand/curve-TN.png, id=467, 328.22626pt x 255.20343pt>
File: hand/curve-TN.png Graphic file (type png)
<use hand/curve-TN.png>
Package pdftex.def Info: hand/curve-TN.png  used on input line 635.
(pdftex.def)             Requested size: 170.71652pt x 132.73769pt.
 [19 <./hand/curve-TN.png>]
<curvature-pic.png, id=482, 878.28125pt x 691.58376pt>
File: curvature-pic.png Graphic file (type png)
<use curvature-pic.png>
Package pdftex.def Info: curvature-pic.png  used on input line 661.
(pdftex.def)             Requested size: 227.62204pt x 179.23769pt.


LaTeX Warning: `!h' float specifier changed to `!ht'.

[20] [21 <./curvature-pic.png>] [22] [23] [24]
<hand/surface-explicit.png, id=577, 795.72281pt x 552.56438pt>
File: hand/surface-explicit.png Graphic file (type png)
<use hand/surface-explicit.png>
Package pdftex.def Info: hand/surface-explicit.png  used on input line 817.
(pdftex.def)             Requested size: 284.52756pt x 197.57399pt.


LaTeX Warning: `!h' float specifier changed to `!ht'.

[25]
<levelcurves-saddle.png, id=593, 803.0pt x 803.0pt>
File: levelcurves-saddle.png Graphic file (type png)
<use levelcurves-saddle.png>
Package pdftex.def Info: levelcurves-saddle.png  used on input line 831.
(pdftex.def)             Requested size: 199.1689pt x 199.16928pt.


LaTeX Warning: `!h' float specifier changed to `!ht'.

[26 <./hand/surface-explicit.png>] [27 <./levelcurves-saddle.png>]
<surface-non-cont.png, id=619, 878.28125pt x 691.58376pt>
File: surface-non-cont.png Graphic file (type png)
<use surface-non-cont.png>
Package pdftex.def Info: surface-non-cont.png  used on input line 874.
(pdftex.def)             Requested size: 256.0748pt x 201.64108pt.
 [28 <./surface-non-cont.png>]
<ws7-lc2.png, id=630, 328.22626pt x 323.2075pt>
File: ws7-lc2.png Graphic file (type png)
<use ws7-lc2.png>
Package pdftex.def Info: ws7-lc2.png  used on input line 915.
(pdftex.def)             Requested size: 144.47008pt x 142.26378pt.
<ws7-lc3.png, id=631, 220.825pt x 224.84pt>
File: ws7-lc3.png Graphic file (type png)
<use ws7-lc3.png>
Package pdftex.def Info: ws7-lc3.png  used on input line 916.
(pdftex.def)             Requested size: 167.67374pt x 170.71652pt.
 [29] [30 <./ws7-lc2.png> <./ws7-lc3.png>] [31] [32] [33]
[34]
<hand/tangent-line-grad.png, id=734, 487.8225pt x 345.54094pt>
File: hand/tangent-line-grad.png Graphic file (type png)
<use hand/tangent-line-grad.png>
Package pdftex.def Info: hand/tangent-line-grad.png  used on input line 1104.
(pdftex.def)             Requested size: 199.16928pt x 141.0769pt.


LaTeX Warning: `!h' float specifier changed to `!ht'.

[35]
<hand/tan-plan-grad.png, id=754, 433.62pt x 256.70906pt>
File: hand/tan-plan-grad.png Graphic file (type png)
<use hand/tan-plan-grad.png>
Package pdftex.def Info: hand/tan-plan-grad.png  used on input line 1122.
(pdftex.def)             Requested size: 227.62204pt x 134.75468pt.
 [36 <./hand/tangent-line-grad.png> <./hand/tan-plan-grad.png>] [37]
[38] [39] [40] [41] [42]
<hand/2nd-der-test.png, id=867, 581.17125pt x 210.03468pt>
File: hand/2nd-der-test.png Graphic file (type png)
<use hand/2nd-der-test.png>
Package pdftex.def Info: hand/2nd-der-test.png  used on input line 1313.
(pdftex.def)             Requested size: 341.43306pt x 123.39378pt.
 [43 <./hand/2nd-der-test.png>]
<closed.png, id=881, 803.0pt x 803.0pt>
File: closed.png Graphic file (type png)
<use closed.png>
Package pdftex.def Info: closed.png  used on input line 1357.
(pdftex.def)             Requested size: 142.26378pt x 142.25475pt.
<open.png, id=882, 803.0pt x 803.0pt>
File: open.png Graphic file (type png)
<use open.png>
Package pdftex.def Info: open.png  used on input line 1357.
(pdftex.def)             Requested size: 142.26378pt x 142.25475pt.


LaTeX Warning: `h' float specifier changed to `ht'.

[44] [45 <./closed.png> <./open.png>] [46]
<hand/LM.png, id=928, 523.20468pt x 221.32687pt>
File: hand/LM.png Graphic file (type png)
<use hand/LM.png>
Package pdftex.def Info: hand/LM.png  used on input line 1451.
(pdftex.def)             Requested size: 284.52756pt x 120.36238pt.
 [47 <./hand/LM.png>] [48] [49]
[50]
<ws14-sol-2.png, id=987, 803.0pt x 803.0pt>
File: ws14-sol-2.png Graphic file (type png)
<use ws14-sol-2.png>
Package pdftex.def Info: ws14-sol-2.png  used on input line 1549.
(pdftex.def)             Requested size: 170.71652pt x 170.71794pt.
 [51] [52 <./ws14-sol-2.png>] [53] [54] [55]
Overfull \hbox (29.05795pt too wide) in paragraph at lines 1649--1651
\OT1/cmr/m/n/12 Find the av-er-age value of $\OML/cmm/m/it/12 f\OT1/cmr/m/n/12 
(\OML/cmm/m/it/12 x; y\OT1/cmr/m/n/12 ) = []$ over the tri-an-gle $\OML/cmm/m/i
t/12 R$ \OT1/cmr/m/n/12 with ver-tices $(0\OML/cmm/m/it/12 ; \OT1/cmr/m/n/12 0)
\OML/cmm/m/it/12 ; \OT1/cmr/m/n/12 (1\OML/cmm/m/it/12 ; \OT1/cmr/m/n/12 0)\OML/
cmm/m/it/12 ; \OT1/cmr/m/n/12 (0\OML/cmm/m/it/12 ; \OT1/cmr/m/n/12 1)$. 
 []

[56]
<hand/polar-coord.png, id=1077, 331.2375pt x 253.69781pt>
File: hand/polar-coord.png Graphic file (type png)
<use hand/polar-coord.png>
Package pdftex.def Info: hand/polar-coord.png  used on input line 1680.
(pdftex.def)             Requested size: 170.71652pt x 130.75067pt.
 [57 <./hand/polar-coord.png>]
<polar-regions-area.png, id=1095, 803.0pt x 803.0pt>
File: polar-regions-area.png Graphic file (type png)
<use polar-regions-area.png>
Package pdftex.def Info: polar-regions-area.png  used on input line 1705.
(pdftex.def)             Requested size: 170.71652pt x 170.71794pt.
<rtheta-area.png, id=1096, 803.0pt x 803.0pt>
File: rtheta-area.png Graphic file (type png)
<use rtheta-area.png>
Package pdftex.def Info: rtheta-area.png  used on input line 1705.
(pdftex.def)             Requested size: 170.71652pt x 170.71794pt.


LaTeX Warning: `!h' float specifier changed to `!ht'.

[58]
<ws7-sliver.png, id=1113, 803.0pt x 803.0pt>
File: ws7-sliver.png Graphic file (type png)
<use ws7-sliver.png>
Package pdftex.def Info: ws7-sliver.png  used on input line 1736.
(pdftex.def)             Requested size: 142.26378pt x 142.25475pt.
 [59 <./polar-regions-area.png> <./rtheta-area.png> <./ws7-sliver.png>]
<ws7-lem.png, id=1127, 803.0pt x 803.0pt>
File: ws7-lem.png Graphic file (type png)
<use ws7-lem.png>
Package pdftex.def Info: ws7-lem.png  used on input line 1750.
(pdftex.def)             Requested size: 170.71652pt x 170.71794pt.

[60 <./ws7-lem.png>]
<ws65-xy.png, id=1147, 803.0pt x 803.0pt>
File: ws65-xy.png Graphic file (type png)
<use ws65-xy.png>
Package pdftex.def Info: ws65-xy.png  used on input line 1789.
(pdftex.def)             Requested size: 142.25475pt x 142.26378pt.
<ws65-uv.png, id=1148, 803.0pt x 803.0pt>
File: ws65-uv.png Graphic file (type png)
<use ws65-uv.png>
Package pdftex.def Info: ws65-uv.png  used on input line 1789.
(pdftex.def)             Requested size: 142.25475pt x 142.26378pt.


LaTeX Warning: `!h' float specifier changed to `!ht'.

[61] [62 <./ws65-xy.png> <./ws65-uv.png>] [63] [64] [65]
<ws9-spherical.png, id=1223, 2055.68pt x 2055.68pt>
File: ws9-spherical.png Graphic file (type png)
<use ws9-spherical.png>
Package pdftex.def Info: ws9-spherical.png  used on input line 1928.
(pdftex.def)             Requested size: 170.71652pt x 170.69981pt.


LaTeX Warning: `!h' float specifier changed to `!ht'.

[66] [67 <./ws9-spherical.png>] [68] [69] [70]
<hand/barycenter.png, id=1302, 466.74374pt x 289.08pt>
File: hand/barycenter.png Graphic file (type png)
<use hand/barycenter.png>
Package pdftex.def Info: hand/barycenter.png  used on input line 2066.
(pdftex.def)             Requested size: 199.16928pt x 123.35802pt.


LaTeX Warning: `!h' float specifier changed to `!ht'.

[71] [72 <./hand/barycenter.png>]
<ws21-a.jpg, id=1347, 420.82219pt x 349.305pt>
File: ws21-a.jpg Graphic file (type jpg)
<use ws21-a.jpg>
Package pdftex.def Info: ws21-a.jpg  used on input line 2109.
(pdftex.def)             Requested size: 142.26378pt x 118.08522pt.
<ws21-b.jpg, id=1348, 429.85594pt x 368.87813pt>
File: ws21-b.jpg Graphic file (type jpg)
<use ws21-b.jpg>
Package pdftex.def Info: ws21-b.jpg  used on input line 2110.
(pdftex.def)             Requested size: 142.26378pt x 122.08475pt.
<ws21-d.jpg, id=1349, 397.485pt x 338.76563pt>
File: ws21-d.jpg Graphic file (type jpg)
<use ws21-d.jpg>
Package pdftex.def Info: ws21-d.jpg  used on input line 2111.
(pdftex.def)             Requested size: 142.26378pt x 121.24734pt.


LaTeX Warning: `!h' float specifier changed to `!ht'.

[73] [74 <./ws21-a.jpg> <./ws21-b.jpg> <./ws21-d.jpg>]
<ws21-c.jpg, id=1380, 389.20406pt x 375.65344pt>
File: ws21-c.jpg Graphic file (type jpg)
<use ws21-c.jpg>
Package pdftex.def Info: ws21-c.jpg  used on input line 2153.
(pdftex.def)             Requested size: 170.71652pt x 164.77786pt.
 [75 <./ws21-c.jpg>]
[76] [77] [78] [79] [80] [81]
<sc.png, id=1495, 376.40625pt x 376.40625pt>
File: sc.png Graphic file (type png)
<use sc.png>
Package pdftex.def Info: sc.png  used on input line 2326.
(pdftex.def)             Requested size: 128.0374pt x 128.0396pt.
<nsc.png, id=1496, 376.40625pt x 376.40625pt>
File: nsc.png Graphic file (type png)
<use nsc.png>
Package pdftex.def Info: nsc.png  used on input line 2326.
(pdftex.def)             Requested size: 128.0374pt x 128.0396pt.


LaTeX Warning: `!h' float specifier changed to `!ht'.

[82] [83 <./sc.png> <./nsc.png>]
<ws9-vf.png, id=1532, 803.0pt x 803.0pt>
File: ws9-vf.png Graphic file (type png)
<use ws9-vf.png>
Package pdftex.def Info: ws9-vf.png  used on input line 2379.
(pdftex.def)             Requested size: 170.71652pt x 170.71794pt.
<hand/greens-region.png, id=1537, 347.04657pt x 224.33812pt>
File: hand/greens-region.png Graphic file (type png)
<use hand/greens-region.png>
Package pdftex.def Info: hand/greens-region.png  used on input line 2396.
(pdftex.def)             Requested size: 199.16928pt x 128.75037pt.
 [84 <./ws9-vf.png>]
<hand/curves-not-green.png, id=1552, 770.88pt x 228.10219pt>
File: hand/curves-not-green.png Graphic file (type png)
<use hand/curves-not-green.png>
Package pdftex.def Info: hand/curves-not-green.png  used on input line 2419.
(pdftex.def)             Requested size: 426.79134pt x 126.28494pt.


LaTeX Warning: `!h' float specifier changed to `!ht'.

[85 <./hand/greens-region.png>] [86 <./hand/curves-not-green.png>]
<hand/normal-greens.png, id=1585, 438.8897pt x 284.56313pt>
File: hand/normal-greens.png Graphic file (type png)
<use hand/normal-greens.png>
Package pdftex.def Info: hand/normal-greens.png  used on input line 2448.
(pdftex.def)             Requested size: 199.16928pt x 129.13774pt.
 [87 <./hand/normal-greens.png>]
<ws10-arc.png, id=1602, 803.0pt x 803.0pt>
File: ws10-arc.png Graphic file (type png)
<use ws10-arc.png>
Package pdftex.def Info: ws10-arc.png  used on input line 2488.
(pdftex.def)             Requested size: 170.71794pt x 170.71652pt.
 [88] [89 <./ws10-arc.png>]
<hand/surface-r.png, id=1630, 968.86969pt x 444.15938pt>
File: hand/surface-r.png Graphic file (type png)
<use hand/surface-r.png>
Package pdftex.def Info: hand/surface-r.png  used on input line 2523.
(pdftex.def)             Requested size: 426.79134pt x 195.65437pt.
 [90 <./hand/surface-r.png>]
<hand/surface-normal.png, id=1640, 559.33969pt x 418.56375pt>
File: hand/surface-normal.png Graphic file (type png)
<use hand/surface-normal.png>
Package pdftex.def Info: hand/surface-normal.png  used on input line 2551.
(pdftex.def)             Requested size: 256.0748pt x 191.62834pt.


LaTeX Warning: `!h' float specifier changed to `!ht'.

[91] [92 <./hand/surface-normal.png>] [93] [94]
<hand/mobius.png, id=1718, 430.60875pt x 194.97844pt>
File: hand/mobius.png Graphic file (type png)
<use hand/mobius.png>
Package pdftex.def Info: hand/mobius.png  used on input line 2656.
(pdftex.def)             Requested size: 170.71652pt x 77.29976pt.
 [95 <./hand/mobius.png>]
LaTeX Font Info:    Trying to load font information for OMS+cmr on input line 2
689.

(C:\Users\clarkd\AppData\Local\Programs\MiKTeX\tex/latex/base\omscmr.fd
File: omscmr.fd 2023/04/13 v2.5m Standard LaTeX font definitions
)
LaTeX Font Info:    Font shape `OMS/cmr/m/n' in size <12> not available
(Font)              Font shape `OMS/cmsy/m/n' tried instead on input line 2689.


[96] [97] [98] [99]
<hand/surface-stokes.png, id=1813, 516.42938pt x 354.57469pt>
File: hand/surface-stokes.png Graphic file (type png)
<use hand/surface-stokes.png>
Package pdftex.def Info: hand/surface-stokes.png  used on input line 2806.
(pdftex.def)             Requested size: 199.16928pt x 136.74702pt.
<hand/region-div-thm.png, id=1816, 615.80063pt x 537.50812pt>
File: hand/region-div-thm.png Graphic file (type png)
<use hand/region-div-thm.png>
Package pdftex.def Info: hand/region-div-thm.png  used on input line 2835.
(pdftex.def)             Requested size: 227.62204pt x 198.67804pt.
 [100 <./hand/surface-stokes.png>] [101 <./hand/region-div-thm.png>]
Overfull \hbox (4.86688pt too wide) in paragraph at lines 2872--2873
[]$\OML/cmm/m/it/12 F \OT1/cmr/m/n/12 = (\OML/cmm/m/it/12 xyz; xy; x[]yz\OT1/cm
r/m/n/12 )$, $\OML/cmm/m/it/12 S$ \OT1/cmr/m/n/12 the four sides and top of the
 cube with ver-tices $(\OMS/cmsy/m/n/12 ^^F\OT1/cmr/m/n/12 1\OML/cmm/m/it/12 ; 
\OMS/cmsy/m/n/12 ^^F\OT1/cmr/m/n/12 1\OML/cmm/m/it/12 ; \OMS/cmsy/m/n/12 ^^F\OT
1/cmr/m/n/12 1)$,
 []

[102]
Underfull \hbox (badness 10000) in paragraph at lines 2904--2905

 []

<ws14-vf.jpg, id=1858, 439.6425pt x 406.51875pt>
File: ws14-vf.jpg Graphic file (type jpg)
<use ws14-vf.jpg>
Package pdftex.def Info: ws14-vf.jpg  used on input line 2912.
(pdftex.def)             Requested size: 184.62175pt x 170.71652pt.
[103 <./ws14-vf.jpg>]
LaTeX Font Info:    Calculating math sizes for size <14> on input line 2928.
<hand/r2.pdf, id=1876, 614.295pt x 794.97pt>
File: hand/r2.pdf Graphic file (type pdf)
<use hand/r2.pdf>
Package pdftex.def Info: hand/r2.pdf  used on input line 2930.
(pdftex.def)             Requested size: 505.89pt x 654.69385pt.

Overfull \hbox (36.13498pt too wide) in paragraph at lines 2930--2931
[] 
 []

[104]
Overfull \vbox (33.34723pt too high) has occurred while \output is active []


[105 <./hand/r2.pdf>]
<hand/r3.pdf, id=1901, 614.295pt x 794.97pt>
File: hand/r3.pdf Graphic file (type pdf)
<use hand/r3.pdf>
Package pdftex.def Info: hand/r3.pdf  used on input line 2934.
(pdftex.def)             Requested size: 505.89pt x 654.69385pt.

Overfull \hbox (36.13498pt too wide) in paragraph at lines 2934--2935
[][] 
 []

Package minitoc Info: I0009
(minitoc)             Listing minitoc auxiliary files. 
(minitoc)             Creating the f25-mth2130.maf file.
\openout3 = `f25-mth2130.maf'.


Package minitoc(hints) Warning: W0033
(minitoc(hints))                The caption package should be 
(minitoc(hints))                loaded BEFORE the minitoc package.


Package minitoc(hints) Warning: W0024
(minitoc(hints))                Some hints have been written 
(minitoc(hints))                in the f25-mth2130.log file.


Overfull \vbox (4.26384pt too high) has occurred while \output is active []


[106 <./hand/r3.pdf>] (f25-mth2130.aux)
 ***********
LaTeX2e <2023-11-01> patch level 1
L3 programming layer <2024-01-04>
 ***********


LaTeX Warning: There were multiply-defined labels.

Package rerunfilecheck Info: File `f25-mth2130.out' has not changed.
(rerunfilecheck)             Checksum: 0CB8F60200C754973D6C265AF1A2C56C;4463.
 ) 
Here is how much of TeX's memory you used:
 28318 strings out of 474486
 524384 string characters out of 5743283
 1944542 words of memory out of 5000000
 49100 multiletter control sequences out of 15000+600000
 579217 words of font info for 116 fonts, out of 8000000 for 9000
 1141 hyphenation exceptions out of 8191
 98i,13n,101p,1278b,729s stack positions out of 10000i,1000n,20000p,200000b,200000s
 <C:\Users\clarkd\AppData\Local\MiKTeX\fonts/pk/ljfour/public/wasy/dpi600\was
y10.pk> <C:\Users\clarkd\AppData\Local\MiKTeX\fonts/pk/ljfour/public/wasy/dpi72
0\wasy10.pk> <C:\Users\clarkd\AppData\Local\MiKTeX\fonts/pk/ljfour/jknappen/ec/
dpi600\tcrm1200.pk><C:/Users/clarkd/AppData/Local/Programs/MiKTeX/fonts/type1/p
ublic/amsfonts/cm/cmbx10.pfb><C:/Users/clarkd/AppData/Local/Programs/MiKTeX/fon
ts/type1/public/amsfonts/cm/cmbx12.pfb><C:/Users/clarkd/AppData/Local/Programs/
MiKTeX/fonts/type1/public/amsfonts/cm/cmbx7.pfb><C:/Users/clarkd/AppData/Local/
Programs/MiKTeX/fonts/type1/public/amsfonts/cm/cmbx8.pfb><C:/Users/clarkd/AppDa
ta/Local/Programs/MiKTeX/fonts/type1/public/amsfonts/cm/cmbxti10.pfb><C:/Users/
clarkd/AppData/Local/Programs/MiKTeX/fonts/type1/public/amsfonts/cm/cmex10.pfb>
<C:/Users/clarkd/AppData/Local/Programs/MiKTeX/fonts/type1/public/amsfonts/cm/c
mmi10.pfb><C:/Users/clarkd/AppData/Local/Programs/MiKTeX/fonts/type1/public/ams
fonts/cm/cmmi12.pfb><C:/Users/clarkd/AppData/Local/Programs/MiKTeX/fonts/type1/
public/amsfonts/cm/cmmi5.pfb><C:/Users/clarkd/AppData/Local/Programs/MiKTeX/fon
ts/type1/public/amsfonts/cm/cmmi6.pfb><C:/Users/clarkd/AppData/Local/Programs/M
iKTeX/fonts/type1/public/amsfonts/cm/cmmi7.pfb><C:/Users/clarkd/AppData/Local/P
rograms/MiKTeX/fonts/type1/public/amsfonts/cm/cmmi8.pfb><C:/Users/clarkd/AppDat
a/Local/Programs/MiKTeX/fonts/type1/public/amsfonts/cm/cmr10.pfb><C:/Users/clar
kd/AppData/Local/Programs/MiKTeX/fonts/type1/public/amsfonts/cm/cmr12.pfb><C:/U
sers/clarkd/AppData/Local/Programs/MiKTeX/fonts/type1/public/amsfonts/cm/cmr5.p
fb><C:/Users/clarkd/AppData/Local/Programs/MiKTeX/fonts/type1/public/amsfonts/c
m/cmr6.pfb><C:/Users/clarkd/AppData/Local/Programs/MiKTeX/fonts/type1/public/am
sfonts/cm/cmr7.pfb><C:/Users/clarkd/AppData/Local/Programs/MiKTeX/fonts/type1/p
ublic/amsfonts/cm/cmr8.pfb><C:/Users/clarkd/AppData/Local/Programs/MiKTeX/fonts
/type1/public/amsfonts/cm/cmsl12.pfb><C:/Users/clarkd/AppData/Local/Programs/Mi
KTeX/fonts/type1/public/amsfonts/cm/cmsy10.pfb><C:/Users/clarkd/AppData/Local/P
rograms/MiKTeX/fonts/type1/public/amsfonts/cm/cmsy7.pfb><C:/Users/clarkd/AppDat
a/Local/Programs/MiKTeX/fonts/type1/public/amsfonts/cm/cmsy8.pfb><C:/Users/clar
kd/AppData/Local/Programs/MiKTeX/fonts/type1/public/amsfonts/cm/cmti10.pfb><C:/
Users/clarkd/AppData/Local/Programs/MiKTeX/fonts/type1/public/amsfonts/cm/cmti1
2.pfb><C:/Users/clarkd/AppData/Local/Programs/MiKTeX/fonts/type1/public/amsfont
s/euler/eurm10.pfb>
Output written on f25-mth2130.pdf (106 pages, 3986687 bytes).
PDF statistics:
 2255 PDF objects out of 2487 (max. 8388607)
 1064 named destinations out of 1200 (max. 500000)
 477 words of extra memory for PDF output out of 10000 (max. 10000000)

